[debug] [2021-08-25T13:48:32.050Z] ----------------------------------------------------------------------
[debug] [2021-08-25T13:48:32.055Z] Command:       C:\Program Files\nodejs\node.exe C:\Users\PC\AppData\Roaming\npm\node_modules\firebase-tools\lib\bin\firebase.js emulators:start
[debug] [2021-08-25T13:48:32.056Z] CLI Version:   9.16.5
[debug] [2021-08-25T13:48:32.056Z] Platform:      win32
[debug] [2021-08-25T13:48:32.057Z] Node Version:  v14.15.5
[debug] [2021-08-25T13:48:32.059Z] Time:          Wed Aug 25 2021 19:48:32 GMT+0600 (Bangladesh Standard Time)
[debug] [2021-08-25T13:48:32.059Z] ----------------------------------------------------------------------
[debug] 
[debug] [2021-08-25T13:48:32.177Z] > command requires scopes: ["email","openid","https://www.googleapis.com/auth/cloudplatformprojects.readonly","https://www.googleapis.com/auth/firebase","https://www.googleapis.com/auth/cloud-platform"]
[debug] [2021-08-25T13:48:32.177Z] > authorizing via signed-in user (rakibulitipu3@gmail.com)
[info] i  emulators: Starting emulators: functions, hosting {"metadata":{"emulator":{"name":"hub"},"message":"Starting emulators: functions, hosting"}}
[debug] [2021-08-25T13:48:32.242Z] [hub] writing locator at C:\Users\PC\AppData\Local\Temp\hub-clone-f540f.json
[warn] !  functions: The following emulators are not running, calls to these services from the Functions emulator will affect production: auth, firestore, database, pubsub, storage {"metadata":{"emulator":{"name":"functions"},"message":"The following emulators are not running, calls to these services from the Functions emulator will affect production: \u001b[1mauth, firestore, database, pubsub, storage\u001b[22m"}}
[info] +  functions: Using node@14 from host. {"metadata":{"emulator":{"name":"functions"},"message":"Using node@14 from host."}}
[debug] [2021-08-25T13:48:32.337Z] defaultcredentials: writing to file C:\Users\PC\AppData\Roaming\firebase\rakibulitipu3_gmail_com_application_default_credentials.json
[debug] [2021-08-25T13:48:32.341Z] Setting GAC to C:\Users\PC\AppData\Roaming\firebase\rakibulitipu3_gmail_com_application_default_credentials.json {"metadata":{"emulator":{"name":"functions"},"message":"Setting GAC to C:\\Users\\PC\\AppData\\Roaming\\firebase\\rakibulitipu3_gmail_com_application_default_credentials.json"}}
[debug] [2021-08-25T13:48:32.343Z] > refreshing access token with scopes: []
[debug] [2021-08-25T13:48:32.344Z] >>> HTTP REQUEST POST https://www.googleapis.com/oauth2/v3/token  
 <request body omitted>
[debug] [2021-08-25T13:48:33.073Z] <<< HTTP RESPONSE 200 {"cache-control":"no-cache, no-store, max-age=0, must-revalidate","date":"Wed, 25 Aug 2021 13:48:34 GMT","pragma":"no-cache","expires":"Mon, 01 Jan 1990 00:00:00 GMT","content-type":"application/json; charset=utf-8","vary":"X-Origin, Referer, Origin,Accept-Encoding","server":"scaffolding on HTTPServer2","x-xss-protection":"0","x-frame-options":"SAMEORIGIN","x-content-type-options":"nosniff","alt-svc":"h3=\":443\"; ma=2592000,h3-29=\":443\"; ma=2592000,h3-T051=\":443\"; ma=2592000,h3-Q050=\":443\"; ma=2592000,h3-Q046=\":443\"; ma=2592000,h3-Q043=\":443\"; ma=2592000,quic=\":443\"; ma=2592000; v=\"46,43\"","accept-ranges":"none","transfer-encoding":"chunked"}
[debug] [2021-08-25T13:48:33.133Z] >>> [apiv2][query] GET https://firebase.googleapis.com/v1beta1/projects/clone-f540f/adminSdkConfig [none]
[debug] [2021-08-25T13:48:34.862Z] <<< [apiv2][status] GET https://firebase.googleapis.com/v1beta1/projects/clone-f540f/adminSdkConfig 200
[debug] [2021-08-25T13:48:34.862Z] <<< [apiv2][body] GET https://firebase.googleapis.com/v1beta1/projects/clone-f540f/adminSdkConfig {"projectId":"clone-f540f","storageBucket":"clone-f540f.appspot.com"}
[debug] [2021-08-25T13:48:34.976Z] >>> [apiv2][query] GET https://firebasehosting.googleapis.com/v1beta1/projects/clone-f540f/sites 
[debug] [2021-08-25T13:48:36.468Z] <<< [apiv2][status] GET https://firebasehosting.googleapis.com/v1beta1/projects/clone-f540f/sites 200
[debug] [2021-08-25T13:48:36.468Z] <<< [apiv2][body] GET https://firebasehosting.googleapis.com/v1beta1/projects/clone-f540f/sites {"sites":[{"name":"projects/832643863676/sites/clone-f540f","defaultUrl":"https://clone-f540f.web.app","appId":"1:832643863676:web:84b2563f94eae1de7d65f9","type":"DEFAULT_SITE"}]}
[debug] [2021-08-25T13:48:36.469Z] >>> [apiv2][query] GET https://firebase.googleapis.com/v1beta1/projects/clone-f540f/webApps/1:832643863676:web:84b2563f94eae1de7d65f9/config [none]
[debug] [2021-08-25T13:48:38.136Z] <<< [apiv2][status] GET https://firebase.googleapis.com/v1beta1/projects/clone-f540f/webApps/1:832643863676:web:84b2563f94eae1de7d65f9/config 200
[debug] [2021-08-25T13:48:38.136Z] <<< [apiv2][body] GET https://firebase.googleapis.com/v1beta1/projects/clone-f540f/webApps/1:832643863676:web:84b2563f94eae1de7d65f9/config {"projectId":"clone-f540f","appId":"1:832643863676:web:84b2563f94eae1de7d65f9","storageBucket":"clone-f540f.appspot.com","apiKey":"AIzaSyCmkMtMl_DgmR9IlPIIVSv_p0Kd09ikEmM","authDomain":"clone-f540f.firebaseapp.com","messagingSenderId":"832643863676","measurementId":"G-DB7GRFTR8N"}
[info] i  hosting: Serving hosting files from: build {"metadata":{"emulator":{"name":"hosting"},"message":"Serving hosting files from: \u001b[1mbuild\u001b[22m"}}
[info] +  hosting: Local server: http://localhost:5000 {"metadata":{"emulator":{"name":"hosting"},"message":"Local server: \u001b[4m\u001b[1mhttp://localhost:5000\u001b[22m\u001b[24m"}}
[warn] !  ui: Emulator UI unable to start on port 4000, starting on 4001 instead. {"metadata":{"emulator":{"name":"ui"},"message":"Emulator UI unable to start on port 4000, starting on 4001 instead."}}
[debug] [2021-08-25T13:48:38.393Z] Ignoring unsupported arg: auto_download {"metadata":{"emulator":{"name":"ui"},"message":"Ignoring unsupported arg: auto_download"}}
[debug] [2021-08-25T13:48:38.394Z] Ignoring unsupported arg: port {"metadata":{"emulator":{"name":"ui"},"message":"Ignoring unsupported arg: port"}}
[debug] [2021-08-25T13:48:38.394Z] Starting Emulator UI with command {"binary":"node","args":["C:\\Users\\PC\\.cache\\firebase\\emulators\\ui-v1.6.2\\server.bundle.js"],"optionalArgs":[],"joinArgs":false} {"metadata":{"emulator":{"name":"ui"},"message":"Starting Emulator UI with command {\"binary\":\"node\",\"args\":[\"C:\\\\Users\\\\PC\\\\.cache\\\\firebase\\\\emulators\\\\ui-v1.6.2\\\\server.bundle.js\"],\"optionalArgs\":[],\"joinArgs\":false}"}}
[info] i  ui: Emulator UI logging to ui-debug.log {"metadata":{"emulator":{"name":"ui"},"message":"Emulator UI logging to \u001b[1mui-debug.log\u001b[22m"}}
[debug] [2021-08-25T13:48:38.608Z] Web / API server started at localhost:4001
 {"metadata":{"emulator":{"name":"ui"},"message":"Web / API server started at localhost:4001\n"}}
[info] i  functions: Watching "F:\amazon-clone\functions" for Cloud Functions... {"metadata":{"emulator":{"name":"functions"},"message":"Watching \"F:\\amazon-clone\\functions\" for Cloud Functions..."}}
[debug] [2021-08-25T13:48:38.686Z] [worker-pool] addWorker(~diagnostic~) {"metadata":{"emulator":{"name":"functions"},"message":"[worker-pool] addWorker(~diagnostic~)"}}
[debug] [2021-08-25T13:48:38.687Z] [worker-pool] Adding worker with key ~diagnostic~, total=1 {"metadata":{"emulator":{"name":"functions"},"message":"[worker-pool] Adding worker with key ~diagnostic~, total=1"}}
[debug] [2021-08-25T13:48:38.688Z] [worker-pool] submitWork(triggerId=) {"metadata":{"emulator":{"name":"functions"},"message":"[worker-pool] submitWork(triggerId=)"}}
[debug] [2021-08-25T13:48:38.689Z] [worker-~diagnostic~-de210800-607e-4821-97ef-d04f4e2a3276]: Assigning socketPath: \\?\pipe\F:\amazon-clone\functions\7844 {"metadata":{"emulator":{"name":"functions"},"message":"[worker-~diagnostic~-de210800-607e-4821-97ef-d04f4e2a3276]: Assigning socketPath: \\\\?\\pipe\\F:\\amazon-clone\\functions\\7844"}}
[debug] [2021-08-25T13:48:38.691Z] [worker-~diagnostic~-de210800-607e-4821-97ef-d04f4e2a3276]: BUSY {"metadata":{"emulator":{"name":"functions"},"message":"[worker-~diagnostic~-de210800-607e-4821-97ef-d04f4e2a3276]: BUSY"}}
[debug] [2021-08-25T13:48:39.257Z] [runtime-status] [7844] Functions runtime initialized. {"cwd":"F:\\amazon-clone\\functions","node_version":"14.15.5"} {"metadata":{"emulator":{"name":"functions"},"message":"[runtime-status] [7844] Functions runtime initialized. {\"cwd\":\"F:\\\\amazon-clone\\\\functions\",\"node_version\":\"14.15.5\"}"}}
[debug] [2021-08-25T13:48:39.261Z] [runtime-status] [7844] Disabled runtime features: undefined {"metadata":{"emulator":{"name":"functions"},"message":"[runtime-status] [7844] Disabled runtime features: undefined"}}
[debug] [2021-08-25T13:48:39.266Z] [runtime-status] [7844] Resolved module firebase-admin {"declared":true,"installed":true,"version":"9.11.1","resolution":"F:\\amazon-clone\\functions\\node_modules\\firebase-admin\\lib\\index.js"} {"metadata":{"emulator":{"name":"functions"},"message":"[runtime-status] [7844] Resolved module firebase-admin {\"declared\":true,\"installed\":true,\"version\":\"9.11.1\",\"resolution\":\"F:\\\\amazon-clone\\\\functions\\\\node_modules\\\\firebase-admin\\\\lib\\\\index.js\"}"}}
[debug] [2021-08-25T13:48:39.273Z] [runtime-status] [7844] Resolved module firebase-functions {"declared":true,"installed":true,"version":"3.15.4","resolution":"F:\\amazon-clone\\functions\\node_modules\\firebase-functions\\lib\\index.js"} {"metadata":{"emulator":{"name":"functions"},"message":"[runtime-status] [7844] Resolved module firebase-functions {\"declared\":true,\"installed\":true,\"version\":\"3.15.4\",\"resolution\":\"F:\\\\amazon-clone\\\\functions\\\\node_modules\\\\firebase-functions\\\\lib\\\\index.js\"}"}}
[debug] [2021-08-25T13:48:39.276Z] [runtime-status] [7844] Resolved module firebase-functions {"declared":true,"installed":true,"version":"3.15.4","resolution":"F:\\amazon-clone\\functions\\node_modules\\firebase-functions\\lib\\index.js"} {"metadata":{"emulator":{"name":"functions"},"message":"[runtime-status] [7844] Resolved module firebase-functions {\"declared\":true,\"installed\":true,\"version\":\"3.15.4\",\"resolution\":\"F:\\\\amazon-clone\\\\functions\\\\node_modules\\\\firebase-functions\\\\lib\\\\index.js\"}"}}
[debug] [2021-08-25T13:48:39.279Z] [runtime-status] [7844] Outgoing network have been stubbed. [{"name":"http","status":"mocked"},{"name":"http","status":"mocked"},{"name":"https","status":"mocked"},{"name":"https","status":"mocked"},{"name":"net","status":"mocked"}] {"metadata":{"emulator":{"name":"functions"},"message":"[runtime-status] [7844] Outgoing network have been stubbed. [{\"name\":\"http\",\"status\":\"mocked\"},{\"name\":\"http\",\"status\":\"mocked\"},{\"name\":\"https\",\"status\":\"mocked\"},{\"name\":\"https\",\"status\":\"mocked\"},{\"name\":\"net\",\"status\":\"mocked\"}]"}}
[debug] [2021-08-25T13:48:39.280Z] [runtime-status] [7844] Resolved module firebase-functions {"declared":true,"installed":true,"version":"3.15.4","resolution":"F:\\amazon-clone\\functions\\node_modules\\firebase-functions\\lib\\index.js"} {"metadata":{"emulator":{"name":"functions"},"message":"[runtime-status] [7844] Resolved module firebase-functions {\"declared\":true,\"installed\":true,\"version\":\"3.15.4\",\"resolution\":\"F:\\\\amazon-clone\\\\functions\\\\node_modules\\\\firebase-functions\\\\lib\\\\index.js\"}"}}
[debug] [2021-08-25T13:48:39.333Z] [runtime-status] [7844] Checked functions.config() {"config":{}} {"metadata":{"emulator":{"name":"functions"},"message":"[runtime-status] [7844] Checked functions.config() {\"config\":{}}"}}
[debug] [2021-08-25T13:48:39.333Z] [runtime-status] [7844] firebase-functions has been stubbed. {"functionsResolution":{"declared":true,"installed":true,"version":"3.15.4","resolution":"F:\\amazon-clone\\functions\\node_modules\\firebase-functions\\lib\\index.js"}} {"metadata":{"emulator":{"name":"functions"},"message":"[runtime-status] [7844] firebase-functions has been stubbed. {\"functionsResolution\":{\"declared\":true,\"installed\":true,\"version\":\"3.15.4\",\"resolution\":\"F:\\\\amazon-clone\\\\functions\\\\node_modules\\\\firebase-functions\\\\lib\\\\index.js\"}}"}}
[debug] [2021-08-25T13:48:39.334Z] [runtime-status] [7844] Resolved module firebase-functions {"declared":true,"installed":true,"version":"3.15.4","resolution":"F:\\amazon-clone\\functions\\node_modules\\firebase-functions\\lib\\index.js"} {"metadata":{"emulator":{"name":"functions"},"message":"[runtime-status] [7844] Resolved module firebase-functions {\"declared\":true,\"installed\":true,\"version\":\"3.15.4\",\"resolution\":\"F:\\\\amazon-clone\\\\functions\\\\node_modules\\\\firebase-functions\\\\lib\\\\index.js\"}"}}
[debug] [2021-08-25T13:48:39.336Z] [runtime-status] [7844] Resolved module firebase-admin {"declared":true,"installed":true,"version":"9.11.1","resolution":"F:\\amazon-clone\\functions\\node_modules\\firebase-admin\\lib\\index.js"} {"metadata":{"emulator":{"name":"functions"},"message":"[runtime-status] [7844] Resolved module firebase-admin {\"declared\":true,\"installed\":true,\"version\":\"9.11.1\",\"resolution\":\"F:\\\\amazon-clone\\\\functions\\\\node_modules\\\\firebase-admin\\\\lib\\\\index.js\"}"}}
[debug] [2021-08-25T13:48:39.337Z] [runtime-status] [7844] Resolved module firebase-functions {"declared":true,"installed":true,"version":"3.15.4","resolution":"F:\\amazon-clone\\functions\\node_modules\\firebase-functions\\lib\\index.js"} {"metadata":{"emulator":{"name":"functions"},"message":"[runtime-status] [7844] Resolved module firebase-functions {\"declared\":true,\"installed\":true,\"version\":\"3.15.4\",\"resolution\":\"F:\\\\amazon-clone\\\\functions\\\\node_modules\\\\firebase-functions\\\\lib\\\\index.js\"}"}}
[debug] [2021-08-25T13:48:39.337Z] [runtime-status] [7844] firebase-admin has been stubbed. {"adminResolution":{"declared":true,"installed":true,"version":"9.11.1","resolution":"F:\\amazon-clone\\functions\\node_modules\\firebase-admin\\lib\\index.js"}} {"metadata":{"emulator":{"name":"functions"},"message":"[runtime-status] [7844] firebase-admin has been stubbed. {\"adminResolution\":{\"declared\":true,\"installed\":true,\"version\":\"9.11.1\",\"resolution\":\"F:\\\\amazon-clone\\\\functions\\\\node_modules\\\\firebase-admin\\\\lib\\\\index.js\"}}"}}
[warn] !  Error: Cannot find module 'stripe'
Require stack:
- F:\amazon-clone\functions\index.js
- C:\Users\PC\AppData\Roaming\npm\node_modules\firebase-tools\lib\emulator\functionsEmulatorRuntime.js
    at Function.Module._resolveFilename (internal/modules/cjs/loader.js:880:15)
    at Function.Module._load (internal/modules/cjs/loader.js:725:27)
    at Module.require (internal/modules/cjs/loader.js:952:19)
    at require (internal/modules/cjs/helpers.js:88:18)
    at Object.<anonymous> (F:\amazon-clone\functions\index.js:4:16)
    at Module._compile (internal/modules/cjs/loader.js:1063:30)
    at Object.Module._extensions..js (internal/modules/cjs/loader.js:1092:10)
    at Module.load (internal/modules/cjs/loader.js:928:32)
    at Function.Module._load (internal/modules/cjs/loader.js:769:14)
    at Module.require (internal/modules/cjs/loader.js:952:19) {"metadata":{"emulator":{"name":"functions"},"message":"Error: Cannot find module 'stripe'\nRequire stack:\n- F:\\amazon-clone\\functions\\index.js\n- C:\\Users\\PC\\AppData\\Roaming\\npm\\node_modules\\firebase-tools\\lib\\emulator\\functionsEmulatorRuntime.js\n    at Function.Module._resolveFilename (internal/modules/cjs/loader.js:880:15)\n    at Function.Module._load (internal/modules/cjs/loader.js:725:27)\n    at Module.require (internal/modules/cjs/loader.js:952:19)\n    at require (internal/modules/cjs/helpers.js:88:18)\n    at Object.<anonymous> (F:\\amazon-clone\\functions\\index.js:4:16)\n    at Module._compile (internal/modules/cjs/loader.js:1063:30)\n    at Object.Module._extensions..js (internal/modules/cjs/loader.js:1092:10)\n    at Module.load (internal/modules/cjs/loader.js:928:32)\n    at Function.Module._load (internal/modules/cjs/loader.js:769:14)\n    at Module.require (internal/modules/cjs/loader.js:952:19)"}}
[warn] !  We were unable to load your functions code. (see above) {"metadata":{"emulator":{"name":"functions"}}}
[debug] [2021-08-25T13:48:39.482Z] [worker-~diagnostic~-de210800-607e-4821-97ef-d04f4e2a3276]: exited {"metadata":{"emulator":{"name":"functions"},"message":"[worker-~diagnostic~-de210800-607e-4821-97ef-d04f4e2a3276]: exited"}}
[debug] [2021-08-25T13:48:39.482Z] [worker-~diagnostic~-de210800-607e-4821-97ef-d04f4e2a3276]: FINISHED {"metadata":{"emulator":{"name":"functions"},"message":"[worker-~diagnostic~-de210800-607e-4821-97ef-d04f4e2a3276]: FINISHED"}}
[debug] [2021-08-25T14:03:23.919Z] Received signal SIGHUP 1
